<?xml version="1.0" encoding="UTF-8"?>
<testng-results skipped="0" failed="0" ignored="0" total="1" passed="1">
  <reporter-output>
  </reporter-output>
  <suite name="Default suite" duration-ms="6968" started-at="2017-12-19T09:09:38Z" finished-at="2017-12-19T09:09:45Z">
    <groups>
    </groups>
    <test name="Default test" duration-ms="6968" started-at="2017-12-19T09:09:38Z" finished-at="2017-12-19T09:09:45Z">
      <class name="script.ValidLogin">
        <test-method status="PASS" signature="openBrowser()[pri:0, instance:script.ValidLogin@7dc7cbad]" name="openBrowser" is-config="true" duration-ms="5099" started-at="2017-12-19T14:39:38Z" finished-at="2017-12-19T14:39:43Z">
          <reporter-output>
          </reporter-output>
        </test-method> <!-- openBrowser -->
        <test-method status="PASS" signature="testValidLogin()[pri:0, instance:script.ValidLogin@7dc7cbad]" name="testValidLogin" duration-ms="1175" started-at="2017-12-19T14:39:43Z" finished-at="2017-12-19T14:39:44Z">
          <reporter-output>
          </reporter-output>
        </test-method> <!-- testValidLogin -->
        <test-method status="PASS" signature="closeBrowser()[pri:0, instance:script.ValidLogin@7dc7cbad]" name="closeBrowser" is-config="true" duration-ms="658" started-at="2017-12-19T14:39:44Z" finished-at="2017-12-19T14:39:45Z">
          <reporter-output>
          </reporter-output>
        </test-method> <!-- closeBrowser -->
      </class> <!-- script.ValidLogin -->
    </test> <!-- Default test -->
  </suite> <!-- Default suite -->
</testng-results>
