<?xml version="1.0" encoding="UTF-8"?>
<!-- Generated by org.testng.reporters.JUnitXMLReporter -->
<testsuite hostname="DESKTOP-OFB923L" ignored="0" name="Test" tests="1" failures="0" timestamp="19 Dec 2017 09:08:43 GMT" time="5.038" errors="0">
  <testcase name="@AfterMethod closeBrowser" time="0.0" classname="generic.BaseTest">
    <failure type="java.lang.NullPointerException">
      <![CDATA[java.lang.NullPointerException
	at generic.BaseTest.closeBrowser(BaseTest.java:32)
... Removed 27 stack frames]]>
    </failure>
  </testcase> <!-- @AfterMethod closeBrowser -->
  <testcase name="openBrowser" time="4.998" classname="script.Demo"/>
</testsuite> <!-- Test -->
